<?xml version="1.0" encoding="UTF-8"?>
<!-- Generated by org.testng.reporters.JUnitReportReporter -->
<testsuite hostname="PUN-NB-LE2J1QS" failures="0" tests="1" name="com.digitalpartners.test.LoginTest" time="29.018" errors="0" timestamp="2022-06-28T13:02:17 IST" skipped="0">
  <testcase classname="com.digitalpartners.test.LoginTest" name="verifyBookCalender" time="29.018"/>
  <system-out/>
</testsuite> <!-- com.digitalpartners.test.LoginTest -->
